mode: set
codementordev/hello-johnhckuo/internal/adaptors/mock.go:17.22,20.2 2 1
codementordev/hello-johnhckuo/internal/adaptors/mock.go:22.86,23.31 1 1
codementordev/hello-johnhckuo/internal/adaptors/mock.go:27.2,28.36 2 1
codementordev/hello-johnhckuo/internal/adaptors/mock.go:42.2,42.24 1 1
codementordev/hello-johnhckuo/internal/adaptors/mock.go:23.31,25.3 1 1
codementordev/hello-johnhckuo/internal/adaptors/mock.go:28.36,30.42 2 1
codementordev/hello-johnhckuo/internal/adaptors/mock.go:34.3,34.40 1 1
codementordev/hello-johnhckuo/internal/adaptors/mock.go:38.3,38.18 1 1
codementordev/hello-johnhckuo/internal/adaptors/mock.go:30.42,32.4 1 1
codementordev/hello-johnhckuo/internal/adaptors/mock.go:34.40,36.4 1 1
codementordev/hello-johnhckuo/internal/adaptors/mock.go:38.18,40.4 1 1
codementordev/hello-johnhckuo/internal/adaptors/mock.go:45.84,46.21 1 1
codementordev/hello-johnhckuo/internal/adaptors/mock.go:50.2,50.28 1 1
codementordev/hello-johnhckuo/internal/adaptors/mock.go:65.2,65.65 1 0
codementordev/hello-johnhckuo/internal/adaptors/mock.go:46.21,48.3 1 1
codementordev/hello-johnhckuo/internal/adaptors/mock.go:50.28,51.23 1 1
codementordev/hello-johnhckuo/internal/adaptors/mock.go:51.23,53.38 1 1
codementordev/hello-johnhckuo/internal/adaptors/mock.go:58.4,61.27 4 1
codementordev/hello-johnhckuo/internal/adaptors/mock.go:53.38,54.55 1 1
codementordev/hello-johnhckuo/internal/adaptors/mock.go:54.55,56.6 1 1
codementordev/hello-johnhckuo/internal/adaptors/mock.go:68.67,69.39 1 1
codementordev/hello-johnhckuo/internal/adaptors/mock.go:80.2,80.60 1 1
codementordev/hello-johnhckuo/internal/adaptors/mock.go:69.39,70.31 1 1
codementordev/hello-johnhckuo/internal/adaptors/mock.go:78.3,78.19 1 1
codementordev/hello-johnhckuo/internal/adaptors/mock.go:70.31,71.36 1 1
codementordev/hello-johnhckuo/internal/adaptors/mock.go:71.36,75.10 4 1
codementordev/hello-johnhckuo/internal/adaptors/mock.go:83.55,88.2 4 1
codementordev/hello-johnhckuo/internal/adaptors/postgresql.go:20.39,26.16 2 1
codementordev/hello-johnhckuo/internal/adaptors/postgresql.go:30.2,30.33 1 1
codementordev/hello-johnhckuo/internal/adaptors/postgresql.go:33.2,35.31 2 1
codementordev/hello-johnhckuo/internal/adaptors/postgresql.go:26.16,28.3 1 1
codementordev/hello-johnhckuo/internal/adaptors/postgresql.go:30.33,32.3 1 0
codementordev/hello-johnhckuo/internal/adaptors/postgresql.go:38.90,44.17 5 1
codementordev/hello-johnhckuo/internal/adaptors/postgresql.go:48.2,48.16 1 1
codementordev/hello-johnhckuo/internal/adaptors/postgresql.go:52.2,55.16 3 1
codementordev/hello-johnhckuo/internal/adaptors/postgresql.go:58.2,58.18 1 1
codementordev/hello-johnhckuo/internal/adaptors/postgresql.go:67.2,69.23 2 1
codementordev/hello-johnhckuo/internal/adaptors/postgresql.go:44.17,47.3 2 1
codementordev/hello-johnhckuo/internal/adaptors/postgresql.go:48.16,51.3 2 1
codementordev/hello-johnhckuo/internal/adaptors/postgresql.go:55.16,57.3 1 0
codementordev/hello-johnhckuo/internal/adaptors/postgresql.go:58.18,61.17 3 1
codementordev/hello-johnhckuo/internal/adaptors/postgresql.go:64.3,64.39 1 1
codementordev/hello-johnhckuo/internal/adaptors/postgresql.go:61.17,63.4 1 0
codementordev/hello-johnhckuo/internal/adaptors/postgresql.go:72.88,74.32 2 1
codementordev/hello-johnhckuo/internal/adaptors/postgresql.go:77.2,79.16 3 1
codementordev/hello-johnhckuo/internal/adaptors/postgresql.go:83.2,83.17 1 1
codementordev/hello-johnhckuo/internal/adaptors/postgresql.go:87.2,89.91 2 1
codementordev/hello-johnhckuo/internal/adaptors/postgresql.go:74.32,76.3 1 1
codementordev/hello-johnhckuo/internal/adaptors/postgresql.go:79.16,81.3 1 0
codementordev/hello-johnhckuo/internal/adaptors/postgresql.go:83.17,85.3 1 1
codementordev/hello-johnhckuo/internal/adaptors/postgresql.go:92.71,93.32 1 1
codementordev/hello-johnhckuo/internal/adaptors/postgresql.go:96.2,102.16 3 1
codementordev/hello-johnhckuo/internal/adaptors/postgresql.go:106.2,107.30 2 1
codementordev/hello-johnhckuo/internal/adaptors/postgresql.go:111.2,113.18 2 1
codementordev/hello-johnhckuo/internal/adaptors/postgresql.go:93.32,95.3 1 1
codementordev/hello-johnhckuo/internal/adaptors/postgresql.go:102.16,104.3 1 0
codementordev/hello-johnhckuo/internal/adaptors/postgresql.go:107.30,109.3 1 0
codementordev/hello-johnhckuo/internal/adaptors/postgresql.go:116.59,126.35 1 1
codementordev/hello-johnhckuo/internal/adaptors/postgresql.go:130.2,134.16 4 1
codementordev/hello-johnhckuo/internal/adaptors/postgresql.go:138.2,140.16 2 1
codementordev/hello-johnhckuo/internal/adaptors/postgresql.go:126.35,128.3 1 1
codementordev/hello-johnhckuo/internal/adaptors/postgresql.go:134.16,136.3 1 0
